<?xml version="1.0" encoding="UTF-8"?>
<!-- Generated by org.testng.reporters.JUnitXMLReporter -->
<testsuite ignored="0" hostname="DESKTOP-EO7H6Q7" failures="0" tests="12" name="TutorialsNinja Test Cases" time="99.695" errors="0" timestamp="2023-05-27T07:08:39 BDT">
  <testcase classname="TestCases.Register" name="verifyRegisterAccountWithMandatoryFields" time="1.74"/>
  <testcase classname="TestCases.Register" name="verifyRegisterAccountWithAllFields" time="1.588"/>
  <testcase classname="TestCases.Register" name="verifyingAccountWithExistingEmail" time="1.39"/>
  <testcase classname="TestCases.Register" name="registeringAccountWithoutFillingAnyDetials" time="0.78"/>
  <testcase classname="TestCases.Login" name="verifyLoginWithValidCredentials" time="0.829"/>
  <testcase classname="TestCases.Login" name="verifyLoginWithInValidCredentials" time="0.665"/>
  <testcase classname="TestCases.Login" name="verifyLoginWithValidEmailAndInvalidPassword" time="0.633"/>
  <testcase classname="TestCases.Login" name="InvalidEmailAndValidPassword" time="0.685"/>
  <testcase classname="TestCases.Login" name="verifyLoginWithoutCredentials" time="0.582"/>
  <testcase classname="TestCases.Search" name="verifySearchingWithValidProductName" time="0.72"/>
  <testcase classname="TestCases.Search" name="verifySearchingWithInValidProductName" time="0.47"/>
  <testcase classname="TestCases.Search" name="verifySearchingWithoutProductName" time="0.477"/>
</testsuite> <!-- TutorialsNinja Test Cases -->
