<?xml version="1.0" encoding="UTF-8"?>
<testng-results ignored="0" total="3" passed="3" failed="0" skipped="0">
  <reporter-output>
  </reporter-output>
  <suite started-at="2023-05-26T21:23:14 BDT" name="Default suite" finished-at="2023-05-26T21:25:28 BDT" duration-ms="134293">
    <groups>
    </groups>
    <test started-at="2023-05-26T21:23:14 BDT" name="Default test" finished-at="2023-05-26T21:25:28 BDT" duration-ms="134293">
      <class name="TestCases.Search">
        <test-method is-config="true" signature="setUp()[pri:0, instance:TestCases.Search@1e1a0406]" started-at="2023-05-26T21:23:14 BDT" name="setUp" finished-at="2023-05-26T21:23:39 BDT" duration-ms="24933" status="PASS">
          <reporter-output>
          </reporter-output>
        </test-method> <!-- setUp -->
        <test-method signature="verifySearchingWithValidProductName()[pri:1, instance:TestCases.Search@1e1a0406]" started-at="2023-05-26T21:23:39 BDT" name="verifySearchingWithValidProductName" finished-at="2023-05-26T21:23:39 BDT" duration-ms="741" status="PASS">
          <reporter-output>
          </reporter-output>
        </test-method> <!-- verifySearchingWithValidProductName -->
        <test-method is-config="true" signature="TearDown()[pri:0, instance:TestCases.Search@1e1a0406]" started-at="2023-05-26T21:23:39 BDT" name="TearDown" finished-at="2023-05-26T21:23:40 BDT" duration-ms="1090" status="PASS">
          <reporter-output>
          </reporter-output>
        </test-method> <!-- TearDown -->
        <test-method is-config="true" signature="setUp()[pri:0, instance:TestCases.Search@1e1a0406]" started-at="2023-05-26T21:23:40 BDT" name="setUp" finished-at="2023-05-26T21:24:31 BDT" duration-ms="50273" status="PASS">
          <reporter-output>
          </reporter-output>
        </test-method> <!-- setUp -->
        <test-method signature="verifySearchingWithInValidProductName()[pri:2, instance:TestCases.Search@1e1a0406]" started-at="2023-05-26T21:24:31 BDT" name="verifySearchingWithInValidProductName" finished-at="2023-05-26T21:24:34 BDT" duration-ms="3275" status="PASS">
          <reporter-output>
          </reporter-output>
        </test-method> <!-- verifySearchingWithInValidProductName -->
        <test-method is-config="true" signature="TearDown()[pri:0, instance:TestCases.Search@1e1a0406]" started-at="2023-05-26T21:24:34 BDT" name="TearDown" finished-at="2023-05-26T21:24:35 BDT" duration-ms="1090" status="PASS">
          <reporter-output>
          </reporter-output>
        </test-method> <!-- TearDown -->
        <test-method is-config="true" signature="setUp()[pri:0, instance:TestCases.Search@1e1a0406]" started-at="2023-05-26T21:24:35 BDT" name="setUp" finished-at="2023-05-26T21:25:26 BDT" duration-ms="51218" status="PASS">
          <reporter-output>
          </reporter-output>
        </test-method> <!-- setUp -->
        <test-method signature="verifySearchingWithoutProductName()[pri:3, instance:TestCases.Search@1e1a0406]" started-at="2023-05-26T21:25:26 BDT" name="verifySearchingWithoutProductName" finished-at="2023-05-26T21:25:27 BDT" duration-ms="570" status="PASS">
          <reporter-output>
          </reporter-output>
        </test-method> <!-- verifySearchingWithoutProductName -->
        <test-method is-config="true" signature="TearDown()[pri:0, instance:TestCases.Search@1e1a0406]" started-at="2023-05-26T21:25:27 BDT" name="TearDown" finished-at="2023-05-26T21:25:28 BDT" duration-ms="1030" status="PASS">
          <reporter-output>
          </reporter-output>
        </test-method> <!-- TearDown -->
      </class> <!-- TestCases.Search -->
    </test> <!-- Default test -->
  </suite> <!-- Default suite -->
</testng-results>
