<?xml version="1.0" encoding="UTF-8"?>
<testng-results ignored="0" total="1" passed="1" failed="0" skipped="0">
  <reporter-output>
  </reporter-output>
  <suite started-at="2023-05-25T08:11:59 BDT" name="Default suite" finished-at="2023-05-25T08:12:07 BDT" duration-ms="7173">
    <groups>
    </groups>
    <test started-at="2023-05-25T08:11:59 BDT" name="Default test" finished-at="2023-05-25T08:12:07 BDT" duration-ms="7173">
      <class name="TestCases.Register">
        <test-method signature="RegisterAccountWithMandatoryFields()[pri:0, instance:TestCases.Register@1de5f259]" started-at="2023-05-25T08:12:00 BDT" name="RegisterAccountWithMandatoryFields" finished-at="2023-05-25T08:12:07 BDT" duration-ms="7114" status="PASS">
          <reporter-output>
          </reporter-output>
        </test-method> <!-- RegisterAccountWithMandatoryFields -->
      </class> <!-- TestCases.Register -->
    </test> <!-- Default test -->
  </suite> <!-- Default suite -->
</testng-results>
