<?xml version="1.0" encoding="UTF-8"?>
<!-- Generated by org.testng.reporters.JUnitXMLReporter -->
<testsuite ignored="3" hostname="DESKTOP-EO7H6Q7" failures="0" tests="1" name="Default test" time="15.644" errors="0" timestamp="2023-05-26T11:19:00 BDT">
  <testcase classname="TestCases.Register" name="registeringAccountWithoutFillingAnyDetials" time="0.739"/>
  <testcase classname="TestCases.Register" name="verifyingAccountWithExistingEmail" time="0.0">
    <ignored/>
  </testcase> <!-- verifyingAccountWithExistingEmail -->
  <testcase classname="TestCases.Register" name="verifyRegisterAccountWithMandatoryFields" time="0.0">
    <ignored/>
  </testcase> <!-- verifyRegisterAccountWithMandatoryFields -->
  <testcase classname="TestCases.Register" name="verifyRegisterAccountWithAllFields" time="0.0">
    <ignored/>
  </testcase> <!-- verifyRegisterAccountWithAllFields -->
</testsuite> <!-- Default test -->
