<?xml version="1.0" encoding="UTF-8"?>
<!-- Generated by org.testng.reporters.JUnitXMLReporter -->
<testsuite ignored="0" hostname="DESKTOP-EO7H6Q7" failures="0" tests="3" name="Default test" time="134.293" errors="0" timestamp="2023-05-26T21:25:28 BDT">
  <testcase classname="TestCases.Search" name="verifySearchingWithValidProductName" time="0.741"/>
  <testcase classname="TestCases.Search" name="verifySearchingWithInValidProductName" time="3.275"/>
  <testcase classname="TestCases.Search" name="verifySearchingWithoutProductName" time="0.57"/>
</testsuite> <!-- Default test -->
